Sherlock4/app/build/intermediates/manifest_merge_blame_file/debug/manifest-merger-blame-debug-report.txt
1<?xml version="1.0" encoding="utf-8"?>
2<manifest xmlns:android="http://schemas.android.com/apk/res/android"
3    package="com.course22056.sherlock4"
4    android:versionCode="1"
5    android:versionName="1.0" >
6
7    <uses-sdk
8        android:minSdkVersion="18"
8-->src/main/AndroidManifest.xml
9        android:targetSdkVersion="30" />
9-->src/main/AndroidManifest.xml
10
11    <uses-permission android:name="android.permission.CAMERA" />
11-->src/main/AndroidManifest.xml:5:5-65
11-->src/main/AndroidManifest.xml:5:22-62
12    <uses-permission android:name="android.permission.INTERNET" />
12-->[com.google.firebase:firebase-auth:20.0.3] AndroidManifest.xml:23:5-67
12-->[com.google.firebase:firebase-auth:20.0.3] AndroidManifest.xml:23:22-64
13    <uses-permission android:name="android.permission.ACCESS_NETWORK_STATE" />
13-->[com.google.firebase:firebase-auth:20.0.3] AndroidManifest.xml:24:5-79
13-->[com.google.firebase:firebase-auth:20.0.3] AndroidManifest.xml:24:22-76
14    <uses-permission android:name="android.permission.WAKE_LOCK" />
14-->[com.google.android.gms:play-services-measurement-api:18.0.2] AndroidManifest.xml:24:5-68
14-->[com.google.android.gms:play-services-measurement-api:18.0.2] AndroidManifest.xml:24:22-65
15    <uses-permission android:name="com.google.android.finsky.permission.BIND_GET_INSTALL_REFERRER_SERVICE" />
15-->[com.google.android.gms:play-services-measurement:18.0.2] AndroidManifest.xml:26:5-110
15-->[com.google.android.gms:play-services-measurement:18.0.2] AndroidManifest.xml:26:22-107
16
17    <application
17-->src/main/AndroidManifest.xml:7:5-26:19
18        android:allowBackup="true"
18-->src/main/AndroidManifest.xml:8:9-35
19        android:appComponentFactory="androidx.core.app.CoreComponentFactory"
19-->[androidx.core:core:1.3.1] AndroidManifest.xml:24:18-86
20        android:debuggable="true"
21        android:icon="@mipmap/ic_launcher"
21-->src/main/AndroidManifest.xml:9:9-43
22        android:label="@string/app_name"
22-->src/main/AndroidManifest.xml:10:9-41
23        android:roundIcon="@mipmap/ic_launcher_round"
23-->src/main/AndroidManifest.xml:11:9-54
24        android:supportsRtl="true"
24-->src/main/AndroidManifest.xml:12:9-35
25        android:testOnly="true"
26        android:theme="@style/Theme.Sherlock4" >
26-->src/main/AndroidManifest.xml:13:9-47
27        <activity android:name="com.course22056.sherlock4.resettingPassword" />
27-->src/main/AndroidManifest.xml:14:9-64
27-->src/main/AndroidManifest.xml:14:19-52
28        <activity android:name="com.course22056.sherlock4.registration" />
28-->src/main/AndroidManifest.xml:15:9-50
28-->src/main/AndroidManifest.xml:15:19-47
29        <activity android:name="com.course22056.sherlock4.CameraImage" />
29-->src/main/AndroidManifest.xml:16:9-49
29-->src/main/AndroidManifest.xml:16:19-46
30        <activity android:name="com.course22056.sherlock4.SaveImage" />
30-->src/main/AndroidManifest.xml:17:9-47
30-->src/main/AndroidManifest.xml:17:19-44
31        <activity android:name="com.course22056.sherlock4.AboutUs" />
31-->src/main/AndroidManifest.xml:18:9-45
31-->src/main/AndroidManifest.xml:18:19-42
32        <activity android:name="com.course22056.sherlock4.login" />
32-->src/main/AndroidManifest.xml:19:9-43
32-->src/main/AndroidManifest.xml:19:19-40
33        <activity android:name="com.course22056.sherlock4.MainActivity" >
33-->src/main/AndroidManifest.xml:20:9-25:20
33-->src/main/AndroidManifest.xml:20:19-47
34            <intent-filter>
34-->src/main/AndroidManifest.xml:21:13-24:29
35                <action android:name="android.intent.action.MAIN" />
35-->src/main/AndroidManifest.xml:22:17-69
35-->src/main/AndroidManifest.xml:22:25-66
36
37                <category android:name="android.intent.category.LAUNCHER" />
37-->src/main/AndroidManifest.xml:23:17-77
37-->src/main/AndroidManifest.xml:23:27-74
38            </intent-filter>
39        </activity>
40        <activity
40-->[com.google.firebase:firebase-auth:20.0.3] AndroidManifest.xml:27:9-44:20
41            android:name="com.google.firebase.auth.internal.GenericIdpActivity"
41-->[com.google.firebase:firebase-auth:20.0.3] AndroidManifest.xml:28:13-80
42            android:excludeFromRecents="true"
42-->[com.google.firebase:firebase-auth:20.0.3] AndroidManifest.xml:29:13-46
43            android:exported="true"
43-->[com.google.firebase:firebase-auth:20.0.3] AndroidManifest.xml:30:13-36
44            android:launchMode="singleTask"
44-->[com.google.firebase:firebase-auth:20.0.3] AndroidManifest.xml:31:13-44
45            android:theme="@android:style/Theme.Translucent.NoTitleBar" >
45-->[com.google.firebase:firebase-auth:20.0.3] AndroidManifest.xml:32:13-72
46            <intent-filter>
46-->[com.google.firebase:firebase-auth:20.0.3] AndroidManifest.xml:33:13-43:29
47                <action android:name="android.intent.action.VIEW" />
47-->[com.google.firebase:firebase-auth:20.0.3] AndroidManifest.xml:34:17-69
47-->[com.google.firebase:firebase-auth:20.0.3] AndroidManifest.xml:34:25-66
48
49                <category android:name="android.intent.category.DEFAULT" />
49-->[com.google.firebase:firebase-auth:20.0.3] AndroidManifest.xml:36:17-76
49-->[com.google.firebase:firebase-auth:20.0.3] AndroidManifest.xml:36:27-73
50                <category android:name="android.intent.category.BROWSABLE" />
50-->[com.google.firebase:firebase-auth:20.0.3] AndroidManifest.xml:37:17-78
50-->[com.google.firebase:firebase-auth:20.0.3] AndroidManifest.xml:37:27-75
51
52                <data
52-->[com.google.firebase:firebase-auth:20.0.3] AndroidManifest.xml:39:17-42:51
53                    android:host="firebase.auth"
53-->[com.google.firebase:firebase-auth:20.0.3] AndroidManifest.xml:40:21-49
54                    android:path="/"
54-->[com.google.firebase:firebase-auth:20.0.3] AndroidManifest.xml:41:21-37
55                    android:scheme="genericidp" />
55-->[com.google.firebase:firebase-auth:20.0.3] AndroidManifest.xml:42:21-48
56            </intent-filter>
57        </activity>
58        <activity
58-->[com.google.firebase:firebase-auth:20.0.3] AndroidManifest.xml:45:9-62:20
59            android:name="com.google.firebase.auth.internal.RecaptchaActivity"
59-->[com.google.firebase:firebase-auth:20.0.3] AndroidManifest.xml:46:13-79
60            android:excludeFromRecents="true"
60-->[com.google.firebase:firebase-auth:20.0.3] AndroidManifest.xml:47:13-46
61            android:exported="true"
61-->[com.google.firebase:firebase-auth:20.0.3] AndroidManifest.xml:48:13-36
62            android:launchMode="singleTask"
62-->[com.google.firebase:firebase-auth:20.0.3] AndroidManifest.xml:49:13-44
63            android:theme="@android:style/Theme.Translucent.NoTitleBar" >
63-->[com.google.firebase:firebase-auth:20.0.3] AndroidManifest.xml:50:13-72
64            <intent-filter>
64-->[com.google.firebase:firebase-auth:20.0.3] AndroidManifest.xml:51:13-61:29
65                <action android:name="android.intent.action.VIEW" />
65-->[com.google.firebase:firebase-auth:20.0.3] AndroidManifest.xml:34:17-69
65-->[com.google.firebase:firebase-auth:20.0.3] AndroidManifest.xml:34:25-66
66
67                <category android:name="android.intent.category.DEFAULT" />
67-->[com.google.firebase:firebase-auth:20.0.3] AndroidManifest.xml:36:17-76
67-->[com.google.firebase:firebase-auth:20.0.3] AndroidManifest.xml:36:27-73
68                <category android:name="android.intent.category.BROWSABLE" />
68-->[com.google.firebase:firebase-auth:20.0.3] AndroidManifest.xml:37:17-78
68-->[com.google.firebase:firebase-auth:20.0.3] AndroidManifest.xml:37:27-75
69
70                <data
70-->[com.google.firebase:firebase-auth:20.0.3] AndroidManifest.xml:39:17-42:51
71                    android:host="firebase.auth"
71-->[com.google.firebase:firebase-auth:20.0.3] AndroidManifest.xml:40:21-49
72                    android:path="/"
72-->[com.google.firebase:firebase-auth:20.0.3] AndroidManifest.xml:41:21-37
73                    android:scheme="recaptcha" />
73-->[com.google.firebase:firebase-auth:20.0.3] AndroidManifest.xml:42:21-48
74            </intent-filter>
75        </activity>
76
77        <service
77-->[com.google.firebase:firebase-auth:20.0.3] AndroidManifest.xml:64:9-73:19
78            android:name="com.google.firebase.auth.api.fallback.service.FirebaseAuthFallbackService"
78-->[com.google.firebase:firebase-auth:20.0.3] AndroidManifest.xml:65:13-101
79            android:enabled="true"
79-->[com.google.firebase:firebase-auth:20.0.3] AndroidManifest.xml:66:13-35
80            android:exported="false" >
80-->[com.google.firebase:firebase-auth:20.0.3] AndroidManifest.xml:67:13-37
81            <intent-filter>
81-->[com.google.firebase:firebase-auth:20.0.3] AndroidManifest.xml:68:13-72:29
82                <action android:name="com.google.firebase.auth.api.gms.service.START" />
82-->[com.google.firebase:firebase-auth:20.0.3] AndroidManifest.xml:69:17-89
82-->[com.google.firebase:firebase-auth:20.0.3] AndroidManifest.xml:69:25-86
83
84                <category android:name="android.intent.category.DEFAULT" />
84-->[com.google.firebase:firebase-auth:20.0.3] AndroidManifest.xml:36:17-76
84-->[com.google.firebase:firebase-auth:20.0.3] AndroidManifest.xml:36:27-73
85            </intent-filter>
86        </service>
87        <service
87-->[com.google.firebase:firebase-auth:20.0.3] AndroidManifest.xml:74:9-80:19
88            android:name="com.google.firebase.components.ComponentDiscoveryService"
88-->[com.google.firebase:firebase-auth:20.0.3] AndroidManifest.xml:75:13-84
89            android:directBootAware="true"
89-->[com.google.firebase:firebase-common:19.5.0] AndroidManifest.xml:35:13-43
90            android:exported="false" >
90-->[com.google.firebase:firebase-auth:20.0.3] AndroidManifest.xml:76:13-37
91            <meta-data
91-->[com.google.firebase:firebase-auth:20.0.3] AndroidManifest.xml:77:13-79:85
92                android:name="com.google.firebase.components:com.google.firebase.auth.FirebaseAuthRegistrar"
92-->[com.google.firebase:firebase-auth:20.0.3] AndroidManifest.xml:78:17-109
93                android:value="com.google.firebase.components.ComponentRegistrar" />
93-->[com.google.firebase:firebase-auth:20.0.3] AndroidManifest.xml:79:17-82
94            <meta-data
94-->[com.google.android.gms:play-services-measurement-api:18.0.2] AndroidManifest.xml:30:13-32:85
95                android:name="com.google.firebase.components:com.google.firebase.analytics.connector.internal.AnalyticsConnectorRegistrar"
95-->[com.google.android.gms:play-services-measurement-api:18.0.2] AndroidManifest.xml:31:17-139
96                android:value="com.google.firebase.components.ComponentRegistrar" />
96-->[com.google.android.gms:play-services-measurement-api:18.0.2] AndroidManifest.xml:32:17-82
97            <meta-data
97-->[com.google.firebase:firebase-installations:16.3.5] AndroidManifest.xml:18:13-20:85
98                android:name="com.google.firebase.components:com.google.firebase.installations.FirebaseInstallationsRegistrar"
98-->[com.google.firebase:firebase-installations:16.3.5] AndroidManifest.xml:19:17-127
99                android:value="com.google.firebase.components.ComponentRegistrar" />
99-->[com.google.firebase:firebase-installations:16.3.5] AndroidManifest.xml:20:17-82
100            <!--
101                This registrar is not defined in the dynamic-module-support sdk itself to allow non-firebase
102                clients to use it as well, by defining this registrar in their own core/common library.
103            -->
104            <meta-data
104-->[com.google.firebase:firebase-common:19.5.0] AndroidManifest.xml:43:13-45:85
105                android:name="com.google.firebase.components:com.google.firebase.dynamicloading.DynamicLoadingRegistrar"
105-->[com.google.firebase:firebase-common:19.5.0] AndroidManifest.xml:44:17-121
106                android:value="com.google.firebase.components.ComponentRegistrar" />
106-->[com.google.firebase:firebase-common:19.5.0] AndroidManifest.xml:45:17-82
107        </service>
108
109        <provider
109-->[com.google.firebase:firebase-common:19.5.0] AndroidManifest.xml:26:9-31:39
110            android:name="com.google.firebase.provider.FirebaseInitProvider"
110-->[com.google.firebase:firebase-common:19.5.0] AndroidManifest.xml:27:13-77
111            android:authorities="com.course22056.sherlock4.firebaseinitprovider"
111-->[com.google.firebase:firebase-common:19.5.0] AndroidManifest.xml:28:13-72
112            android:directBootAware="true"
112-->[com.google.firebase:firebase-common:19.5.0] AndroidManifest.xml:29:13-43
113            android:exported="false"
113-->[com.google.firebase:firebase-common:19.5.0] AndroidManifest.xml:30:13-37
114            android:initOrder="100" />
114-->[com.google.firebase:firebase-common:19.5.0] AndroidManifest.xml:31:13-36
115
116        <activity
116-->[com.google.android.gms:play-services-base:17.1.0] AndroidManifest.xml:23:9-26:75
117            android:name="com.google.android.gms.common.api.GoogleApiActivity"
117-->[com.google.android.gms:play-services-base:17.1.0] AndroidManifest.xml:24:13-79
118            android:exported="false"
118-->[com.google.android.gms:play-services-base:17.1.0] AndroidManifest.xml:25:13-37
119            android:theme="@android:style/Theme.Translucent.NoTitleBar" />
119-->[com.google.android.gms:play-services-base:17.1.0] AndroidManifest.xml:26:13-72
120
121        <receiver
121-->[com.google.android.gms:play-services-measurement:18.0.2] AndroidManifest.xml:29:9-33:20
122            android:name="com.google.android.gms.measurement.AppMeasurementReceiver"
122-->[com.google.android.gms:play-services-measurement:18.0.2] AndroidManifest.xml:30:13-85
123            android:enabled="true"
123-->[com.google.android.gms:play-services-measurement:18.0.2] AndroidManifest.xml:31:13-35
124            android:exported="false" >
124-->[com.google.android.gms:play-services-measurement:18.0.2] AndroidManifest.xml:32:13-37
125        </receiver>
126
127        <service
127-->[com.google.android.gms:play-services-measurement:18.0.2] AndroidManifest.xml:35:9-38:40
128            android:name="com.google.android.gms.measurement.AppMeasurementService"
128-->[com.google.android.gms:play-services-measurement:18.0.2] AndroidManifest.xml:36:13-84
129            android:enabled="true"
129-->[com.google.android.gms:play-services-measurement:18.0.2] AndroidManifest.xml:37:13-35
130            android:exported="false" />
130-->[com.google.android.gms:play-services-measurement:18.0.2] AndroidManifest.xml:38:13-37
131        <service
131-->[com.google.android.gms:play-services-measurement:18.0.2] AndroidManifest.xml:39:9-43:72
132            android:name="com.google.android.gms.measurement.AppMeasurementJobService"
132-->[com.google.android.gms:play-services-measurement:18.0.2] AndroidManifest.xml:40:13-87
133            android:enabled="true"
133-->[com.google.android.gms:play-services-measurement:18.0.2] AndroidManifest.xml:41:13-35
134            android:exported="false"
134-->[com.google.android.gms:play-services-measurement:18.0.2] AndroidManifest.xml:42:13-37
135            android:permission="android.permission.BIND_JOB_SERVICE" />
135-->[com.google.android.gms:play-services-measurement:18.0.2] AndroidManifest.xml:43:13-69
136
137        <meta-data
137-->[com.google.android.gms:play-services-basement:17.1.0] AndroidManifest.xml:23:9-25:69
138            android:name="com.google.android.gms.version"
138-->[com.google.android.gms:play-services-basement:17.1.0] AndroidManifest.xml:24:13-58
139            android:value="@integer/google_play_services_version" />
139-->[com.google.android.gms:play-services-basement:17.1.0] AndroidManifest.xml:25:13-66
140    </application>
141
142</manifest>